<?xml version="1.0" encoding="UTF-8"?>
<testng-results skipped="0" failed="0" ignored="0" total="1" passed="1">
  <reporter-output>
  </reporter-output>
  <suite name="Suite" duration-ms="111" started-at="2018-03-16T03:46:08Z" finished-at="2018-03-16T03:46:08Z">
    <groups>
    </groups>
    <test name="Test" duration-ms="111" started-at="2018-03-16T03:46:08Z" finished-at="2018-03-16T03:46:08Z">
      <class name="com.test.NewTest">
        <test-method status="PASS" signature="f()[pri:0, instance:com.test.NewTest@1810399e]" name="f" duration-ms="49" started-at="2018-03-15T22:46:08Z" finished-at="2018-03-15T22:46:08Z">
          <reporter-output>
          </reporter-output>
        </test-method> <!-- f -->
      </class> <!-- com.test.NewTest -->
    </test> <!-- Test -->
  </suite> <!-- Suite -->
</testng-results>
